<?xml version="1.0" encoding="UTF-8"?>
<testng-results ignored="0" total="34" passed="34" failed="0" skipped="0">
  <reporter-output>
  </reporter-output>
  <suite started-at="2020-04-09T05:24:05Z" name="EmployeesRestAPISuite" finished-at="2020-04-09T05:24:32Z" duration-ms="27151">
    <groups>
    </groups>
    <test started-at="2020-04-09T05:24:05Z" name="EmployeesRestAPITest" finished-at="2020-04-09T05:24:32Z" duration-ms="27151">
      <class name="com.employeeapi.testCases.TC003_Post_Employee_Record">
        <test-method is-config="true" signature="setup()[pri:0, instance:com.employeeapi.testCases.TC003_Post_Employee_Record@327b636c]" started-at="2020-04-09T05:24:17Z" name="setup" finished-at="2020-04-09T05:24:17Z" duration-ms="1" status="PASS">
          <reporter-output>
          </reporter-output>
        </test-method> <!-- setup -->
        <test-method is-config="true" signature="createEmployee()[pri:0, instance:com.employeeapi.testCases.TC003_Post_Employee_Record@327b636c]" started-at="2020-04-09T05:24:17Z" name="createEmployee" finished-at="2020-04-09T05:24:23Z" duration-ms="5486" status="PASS">
          <reporter-output>
          </reporter-output>
        </test-method> <!-- createEmployee -->
        <test-method signature="checkContentType()[pri:0, instance:com.employeeapi.testCases.TC003_Post_Employee_Record@327b636c]" started-at="2020-04-09T05:24:23Z" name="checkContentType" finished-at="2020-04-09T05:24:23Z" duration-ms="1" status="PASS">
          <reporter-output>
          </reporter-output>
        </test-method> <!-- checkContentType -->
        <test-method signature="checkResposeBody()[pri:0, instance:com.employeeapi.testCases.TC003_Post_Employee_Record@327b636c]" started-at="2020-04-09T05:24:23Z" name="checkResposeBody" finished-at="2020-04-09T05:24:23Z" duration-ms="1" status="PASS">
          <reporter-output>
          </reporter-output>
        </test-method> <!-- checkResposeBody -->
        <test-method signature="checkStatusCode()[pri:0, instance:com.employeeapi.testCases.TC003_Post_Employee_Record@327b636c]" started-at="2020-04-09T05:24:23Z" name="checkStatusCode" finished-at="2020-04-09T05:24:23Z" duration-ms="0" status="PASS">
          <reporter-output>
          </reporter-output>
        </test-method> <!-- checkStatusCode -->
        <test-method signature="checkcontentEncoding()[pri:0, instance:com.employeeapi.testCases.TC003_Post_Employee_Record@327b636c]" started-at="2020-04-09T05:24:23Z" name="checkcontentEncoding" finished-at="2020-04-09T05:24:23Z" duration-ms="1" status="PASS">
          <reporter-output>
          </reporter-output>
        </test-method> <!-- checkcontentEncoding -->
        <test-method signature="checkserverType()[pri:0, instance:com.employeeapi.testCases.TC003_Post_Employee_Record@327b636c]" started-at="2020-04-09T05:24:23Z" name="checkserverType" finished-at="2020-04-09T05:24:23Z" duration-ms="1" status="PASS">
          <reporter-output>
          </reporter-output>
        </test-method> <!-- checkserverType -->
        <test-method signature="checkstatusLine()[pri:0, instance:com.employeeapi.testCases.TC003_Post_Employee_Record@327b636c]" started-at="2020-04-09T05:24:23Z" name="checkstatusLine" finished-at="2020-04-09T05:24:23Z" duration-ms="0" status="PASS">
          <reporter-output>
          </reporter-output>
        </test-method> <!-- checkstatusLine -->
        <test-method is-config="true" signature="tearDown()[pri:0, instance:com.employeeapi.testCases.TC003_Post_Employee_Record@327b636c]" started-at="2020-04-09T05:24:23Z" name="tearDown" finished-at="2020-04-09T05:24:23Z" duration-ms="0" status="PASS">
          <reporter-output>
          </reporter-output>
        </test-method> <!-- tearDown -->
      </class> <!-- com.employeeapi.testCases.TC003_Post_Employee_Record -->
      <class name="com.employeeapi.testCases.TC001_Get_All_Employees">
        <test-method is-config="true" signature="setup()[pri:0, instance:com.employeeapi.testCases.TC001_Get_All_Employees@15761df8]" started-at="2020-04-09T05:24:05Z" name="setup" finished-at="2020-04-09T05:24:05Z" duration-ms="41" status="PASS">
          <reporter-output>
          </reporter-output>
        </test-method> <!-- setup -->
        <test-method is-config="true" signature="getAllEmployees()[pri:0, instance:com.employeeapi.testCases.TC001_Get_All_Employees@15761df8]" started-at="2020-04-09T05:24:05Z" name="getAllEmployees" finished-at="2020-04-09T05:24:12Z" duration-ms="6471" status="PASS">
          <reporter-output>
          </reporter-output>
        </test-method> <!-- getAllEmployees -->
        <test-method signature="checkContentLenght()[pri:0, instance:com.employeeapi.testCases.TC001_Get_All_Employees@15761df8]" started-at="2020-04-09T05:24:12Z" name="checkContentLenght" finished-at="2020-04-09T05:24:12Z" duration-ms="7" status="PASS">
          <reporter-output>
          </reporter-output>
        </test-method> <!-- checkContentLenght -->
        <test-method signature="checkContentType()[pri:0, instance:com.employeeapi.testCases.TC001_Get_All_Employees@15761df8]" started-at="2020-04-09T05:24:12Z" name="checkContentType" finished-at="2020-04-09T05:24:12Z" duration-ms="3" status="PASS">
          <reporter-output>
          </reporter-output>
        </test-method> <!-- checkContentType -->
        <test-method signature="checkCookies()[pri:0, instance:com.employeeapi.testCases.TC001_Get_All_Employees@15761df8]" started-at="2020-04-09T05:24:12Z" name="checkCookies" finished-at="2020-04-09T05:24:12Z" duration-ms="3" status="PASS">
          <reporter-output>
          </reporter-output>
        </test-method> <!-- checkCookies -->
        <test-method signature="checkResponseTime()[pri:0, instance:com.employeeapi.testCases.TC001_Get_All_Employees@15761df8]" started-at="2020-04-09T05:24:12Z" name="checkResponseTime" finished-at="2020-04-09T05:24:12Z" duration-ms="3" status="PASS">
          <reporter-output>
          </reporter-output>
        </test-method> <!-- checkResponseTime -->
        <test-method signature="checkResposeBody()[pri:0, instance:com.employeeapi.testCases.TC001_Get_All_Employees@15761df8]" started-at="2020-04-09T05:24:12Z" name="checkResposeBody" finished-at="2020-04-09T05:24:12Z" duration-ms="31" status="PASS">
          <reporter-output>
          </reporter-output>
        </test-method> <!-- checkResposeBody -->
        <test-method signature="checkStatusCode()[pri:0, instance:com.employeeapi.testCases.TC001_Get_All_Employees@15761df8]" started-at="2020-04-09T05:24:12Z" name="checkStatusCode" finished-at="2020-04-09T05:24:12Z" duration-ms="2" status="PASS">
          <reporter-output>
          </reporter-output>
        </test-method> <!-- checkStatusCode -->
        <test-method signature="checkcontentEncoding()[pri:0, instance:com.employeeapi.testCases.TC001_Get_All_Employees@15761df8]" started-at="2020-04-09T05:24:12Z" name="checkcontentEncoding" finished-at="2020-04-09T05:24:12Z" duration-ms="2" status="PASS">
          <reporter-output>
          </reporter-output>
        </test-method> <!-- checkcontentEncoding -->
        <test-method signature="checkserverType()[pri:0, instance:com.employeeapi.testCases.TC001_Get_All_Employees@15761df8]" started-at="2020-04-09T05:24:12Z" name="checkserverType" finished-at="2020-04-09T05:24:12Z" duration-ms="3" status="PASS">
          <reporter-output>
          </reporter-output>
        </test-method> <!-- checkserverType -->
        <test-method signature="checkstatusLine()[pri:0, instance:com.employeeapi.testCases.TC001_Get_All_Employees@15761df8]" started-at="2020-04-09T05:24:12Z" name="checkstatusLine" finished-at="2020-04-09T05:24:12Z" duration-ms="1" status="PASS">
          <reporter-output>
          </reporter-output>
        </test-method> <!-- checkstatusLine -->
        <test-method is-config="true" signature="tearDown()[pri:0, instance:com.employeeapi.testCases.TC001_Get_All_Employees@15761df8]" started-at="2020-04-09T05:24:12Z" name="tearDown" finished-at="2020-04-09T05:24:12Z" duration-ms="0" status="PASS">
          <reporter-output>
          </reporter-output>
        </test-method> <!-- tearDown -->
      </class> <!-- com.employeeapi.testCases.TC001_Get_All_Employees -->
      <class name="com.employeeapi.testCases.TC005_Delete_Employee_Record">
        <test-method is-config="true" signature="setup()[pri:0, instance:com.employeeapi.testCases.TC005_Delete_Employee_Record@60611244]" started-at="2020-04-09T05:24:28Z" name="setup" finished-at="2020-04-09T05:24:28Z" duration-ms="2" status="PASS">
          <reporter-output>
          </reporter-output>
        </test-method> <!-- setup -->
        <test-method is-config="true" signature="deleteEmployee()[pri:0, instance:com.employeeapi.testCases.TC005_Delete_Employee_Record@60611244]" started-at="2020-04-09T05:24:28Z" name="deleteEmployee" finished-at="2020-04-09T05:24:32Z" duration-ms="3884" status="PASS">
          <reporter-output>
          </reporter-output>
        </test-method> <!-- deleteEmployee -->
        <test-method signature="checkContentType()[pri:0, instance:com.employeeapi.testCases.TC005_Delete_Employee_Record@60611244]" started-at="2020-04-09T05:24:32Z" name="checkContentType" finished-at="2020-04-09T05:24:32Z" duration-ms="1" status="PASS">
          <reporter-output>
          </reporter-output>
        </test-method> <!-- checkContentType -->
        <test-method signature="checkResposeBody()[pri:0, instance:com.employeeapi.testCases.TC005_Delete_Employee_Record@60611244]" started-at="2020-04-09T05:24:32Z" name="checkResposeBody" finished-at="2020-04-09T05:24:32Z" duration-ms="1" status="PASS">
          <reporter-output>
          </reporter-output>
        </test-method> <!-- checkResposeBody -->
        <test-method signature="checkStatusCode()[pri:0, instance:com.employeeapi.testCases.TC005_Delete_Employee_Record@60611244]" started-at="2020-04-09T05:24:32Z" name="checkStatusCode" finished-at="2020-04-09T05:24:32Z" duration-ms="1" status="PASS">
          <reporter-output>
          </reporter-output>
        </test-method> <!-- checkStatusCode -->
        <test-method signature="checkcontentEncoding()[pri:0, instance:com.employeeapi.testCases.TC005_Delete_Employee_Record@60611244]" started-at="2020-04-09T05:24:32Z" name="checkcontentEncoding" finished-at="2020-04-09T05:24:32Z" duration-ms="1" status="PASS">
          <reporter-output>
          </reporter-output>
        </test-method> <!-- checkcontentEncoding -->
        <test-method signature="checkserverType()[pri:0, instance:com.employeeapi.testCases.TC005_Delete_Employee_Record@60611244]" started-at="2020-04-09T05:24:32Z" name="checkserverType" finished-at="2020-04-09T05:24:32Z" duration-ms="1" status="PASS">
          <reporter-output>
          </reporter-output>
        </test-method> <!-- checkserverType -->
        <test-method signature="checkstatusLine()[pri:0, instance:com.employeeapi.testCases.TC005_Delete_Employee_Record@60611244]" started-at="2020-04-09T05:24:32Z" name="checkstatusLine" finished-at="2020-04-09T05:24:32Z" duration-ms="0" status="PASS">
          <reporter-output>
          </reporter-output>
        </test-method> <!-- checkstatusLine -->
        <test-method is-config="true" signature="tearDown()[pri:0, instance:com.employeeapi.testCases.TC005_Delete_Employee_Record@60611244]" started-at="2020-04-09T05:24:32Z" name="tearDown" finished-at="2020-04-09T05:24:32Z" duration-ms="0" status="PASS">
          <reporter-output>
          </reporter-output>
        </test-method> <!-- tearDown -->
      </class> <!-- com.employeeapi.testCases.TC005_Delete_Employee_Record -->
      <class name="com.employeeapi.testCases.TC004_Put_Employee_Record">
        <test-method is-config="true" signature="setup()[pri:0, instance:com.employeeapi.testCases.TC004_Put_Employee_Record@45dd4eda]" started-at="2020-04-09T05:24:23Z" name="setup" finished-at="2020-04-09T05:24:23Z" duration-ms="2" status="PASS">
          <reporter-output>
          </reporter-output>
        </test-method> <!-- setup -->
        <test-method is-config="true" signature="updateEmployee()[pri:0, instance:com.employeeapi.testCases.TC004_Put_Employee_Record@45dd4eda]" started-at="2020-04-09T05:24:23Z" name="updateEmployee" finished-at="2020-04-09T05:24:28Z" duration-ms="5460" status="PASS">
          <reporter-output>
          </reporter-output>
        </test-method> <!-- updateEmployee -->
        <test-method signature="checkContentType()[pri:0, instance:com.employeeapi.testCases.TC004_Put_Employee_Record@45dd4eda]" started-at="2020-04-09T05:24:28Z" name="checkContentType" finished-at="2020-04-09T05:24:28Z" duration-ms="1" status="PASS">
          <reporter-output>
          </reporter-output>
        </test-method> <!-- checkContentType -->
        <test-method signature="checkResposeBody()[pri:0, instance:com.employeeapi.testCases.TC004_Put_Employee_Record@45dd4eda]" started-at="2020-04-09T05:24:28Z" name="checkResposeBody" finished-at="2020-04-09T05:24:28Z" duration-ms="1" status="PASS">
          <reporter-output>
          </reporter-output>
        </test-method> <!-- checkResposeBody -->
        <test-method signature="checkStatusCode()[pri:0, instance:com.employeeapi.testCases.TC004_Put_Employee_Record@45dd4eda]" started-at="2020-04-09T05:24:28Z" name="checkStatusCode" finished-at="2020-04-09T05:24:28Z" duration-ms="1" status="PASS">
          <reporter-output>
          </reporter-output>
        </test-method> <!-- checkStatusCode -->
        <test-method signature="checkcontentEncoding()[pri:0, instance:com.employeeapi.testCases.TC004_Put_Employee_Record@45dd4eda]" started-at="2020-04-09T05:24:28Z" name="checkcontentEncoding" finished-at="2020-04-09T05:24:28Z" duration-ms="0" status="PASS">
          <reporter-output>
          </reporter-output>
        </test-method> <!-- checkcontentEncoding -->
        <test-method signature="checkserverType()[pri:0, instance:com.employeeapi.testCases.TC004_Put_Employee_Record@45dd4eda]" started-at="2020-04-09T05:24:28Z" name="checkserverType" finished-at="2020-04-09T05:24:28Z" duration-ms="1" status="PASS">
          <reporter-output>
          </reporter-output>
        </test-method> <!-- checkserverType -->
        <test-method signature="checkstatusLine()[pri:0, instance:com.employeeapi.testCases.TC004_Put_Employee_Record@45dd4eda]" started-at="2020-04-09T05:24:28Z" name="checkstatusLine" finished-at="2020-04-09T05:24:28Z" duration-ms="0" status="PASS">
          <reporter-output>
          </reporter-output>
        </test-method> <!-- checkstatusLine -->
        <test-method is-config="true" signature="tearDown()[pri:0, instance:com.employeeapi.testCases.TC004_Put_Employee_Record@45dd4eda]" started-at="2020-04-09T05:24:28Z" name="tearDown" finished-at="2020-04-09T05:24:28Z" duration-ms="0" status="PASS">
          <reporter-output>
          </reporter-output>
        </test-method> <!-- tearDown -->
      </class> <!-- com.employeeapi.testCases.TC004_Put_Employee_Record -->
      <class name="com.employeeapi.testCases.TC002_Get_Single_Employee_Record">
        <test-method is-config="true" signature="setup()[pri:0, instance:com.employeeapi.testCases.TC002_Get_Single_Employee_Record@6ab7a896]" started-at="2020-04-09T05:24:12Z" name="setup" finished-at="2020-04-09T05:24:12Z" duration-ms="2" status="PASS">
          <reporter-output>
          </reporter-output>
        </test-method> <!-- setup -->
        <test-method is-config="true" signature="getEmployeeData()[pri:0, instance:com.employeeapi.testCases.TC002_Get_Single_Employee_Record@6ab7a896]" started-at="2020-04-09T05:24:12Z" name="getEmployeeData" finished-at="2020-04-09T05:24:17Z" duration-ms="5473" status="PASS">
          <reporter-output>
          </reporter-output>
        </test-method> <!-- getEmployeeData -->
        <test-method signature="checkContentLenght()[pri:0, instance:com.employeeapi.testCases.TC002_Get_Single_Employee_Record@6ab7a896]" started-at="2020-04-09T05:24:17Z" name="checkContentLenght" finished-at="2020-04-09T05:24:17Z" duration-ms="1" status="PASS">
          <reporter-output>
          </reporter-output>
        </test-method> <!-- checkContentLenght -->
        <test-method signature="checkContentType()[pri:0, instance:com.employeeapi.testCases.TC002_Get_Single_Employee_Record@6ab7a896]" started-at="2020-04-09T05:24:17Z" name="checkContentType" finished-at="2020-04-09T05:24:17Z" duration-ms="1" status="PASS">
          <reporter-output>
          </reporter-output>
        </test-method> <!-- checkContentType -->
        <test-method signature="checkResponseTime()[pri:0, instance:com.employeeapi.testCases.TC002_Get_Single_Employee_Record@6ab7a896]" started-at="2020-04-09T05:24:17Z" name="checkResponseTime" finished-at="2020-04-09T05:24:17Z" duration-ms="0" status="PASS">
          <reporter-output>
          </reporter-output>
        </test-method> <!-- checkResponseTime -->
        <test-method signature="checkResposeBody()[pri:0, instance:com.employeeapi.testCases.TC002_Get_Single_Employee_Record@6ab7a896]" started-at="2020-04-09T05:24:17Z" name="checkResposeBody" finished-at="2020-04-09T05:24:17Z" duration-ms="2" status="PASS">
          <reporter-output>
          </reporter-output>
        </test-method> <!-- checkResposeBody -->
        <test-method signature="checkStatusCode()[pri:0, instance:com.employeeapi.testCases.TC002_Get_Single_Employee_Record@6ab7a896]" started-at="2020-04-09T05:24:17Z" name="checkStatusCode" finished-at="2020-04-09T05:24:17Z" duration-ms="1" status="PASS">
          <reporter-output>
          </reporter-output>
        </test-method> <!-- checkStatusCode -->
        <test-method signature="checkserverType()[pri:0, instance:com.employeeapi.testCases.TC002_Get_Single_Employee_Record@6ab7a896]" started-at="2020-04-09T05:24:17Z" name="checkserverType" finished-at="2020-04-09T05:24:17Z" duration-ms="1" status="PASS">
          <reporter-output>
          </reporter-output>
        </test-method> <!-- checkserverType -->
        <test-method signature="checkstatusLine()[pri:0, instance:com.employeeapi.testCases.TC002_Get_Single_Employee_Record@6ab7a896]" started-at="2020-04-09T05:24:17Z" name="checkstatusLine" finished-at="2020-04-09T05:24:17Z" duration-ms="1" status="PASS">
          <reporter-output>
          </reporter-output>
        </test-method> <!-- checkstatusLine -->
        <test-method is-config="true" signature="tearDown()[pri:0, instance:com.employeeapi.testCases.TC002_Get_Single_Employee_Record@6ab7a896]" started-at="2020-04-09T05:24:17Z" name="tearDown" finished-at="2020-04-09T05:24:17Z" duration-ms="0" status="PASS">
          <reporter-output>
          </reporter-output>
        </test-method> <!-- tearDown -->
      </class> <!-- com.employeeapi.testCases.TC002_Get_Single_Employee_Record -->
    </test> <!-- EmployeesRestAPITest -->
  </suite> <!-- EmployeesRestAPISuite -->
</testng-results>
